app/proguard-rules.pro
# Add project specific ProGuard rules here.
# By default, the flags in this file are appended to flags specified
# in C:\Users\Sunny\AppData\Local\Android\Sdk/tools/proguard/proguard-android.txt
# You can edit the include path and order by changing the proguardFiles
# directive in build.gradle.
#
# For more details, see
#   http://developer.android.com/guide/developing/tools/proguard.html

# Add any project specific keep options here:

# If your project uses WebView with JS, uncomment the following
# and specify the fully qualified class name to the JavaScript interface
# class:
#-keepclassmembers class fqcn.of.javascript.interface.for.webview {
#   public *;
#}

# Uncomment this to preserve the line number information for
# debugging stack traces.
#-keepattributes SourceFile,LineNumberTable

# If you keep the line number information, uncomment this to
# hide the original source file name.
#-renamesourcefileattribute SourceFile

-keep class com.google.android.gms.** { *; }
-dontwarn com.google.android.gms.**
-keeppackagenames org.jsoup.nodes

-dontwarn   com.google.j2objc.annotations.**
-keep class com.google.j2objc.annotations.** { *; }

-dontwarn okhttp3.**
-keep class com.instamojo.android.**{*;}

-keep class sun.misc.Unsafe { *; }
-dontwarn java.nio.file.*
-dontwarn org.codehaus.mojo.animal_sniffer.IgnoreJRERequirement
-dontwarn okio.**

-keepclassmembers class * {
    @android.webkit.JavascriptInterface <methods>;
}

-keepattributes JavascriptInterface
-keepattributes *Annotation*

-dontwarn com.razorpay.**
-keep class com.razorpay.** {*;}

-optimizations !method/inlining/*

-keepclasseswithmembers class * {
  public void onPayment*(...);
}

-printmapping mapping.txt