app/mapping.txt
# compiler: R8
# compiler_version: 1.4.94
# min_api: 16
com.avadna.luneblaze.LanguageApp -> com.avadna.luneblaze.LanguageApp:
    android.content.Context context -> a
    java.util.Locale locale -> b
    void changeLocale(android.content.Context) -> a
com.avadna.luneblaze.activities.AppInitialiserActivity -> com.avadna.luneblaze.activities.AppInitialiserActivity:
    android.widget.RelativeLayout rl_images_wrapper -> i
    int onlineStatusDelay -> o
    androidx.appcompat.app.AlertDialog dialog -> e
    android.widget.ImageView iv_outer -> j
    com.avadna.luneblaze.helperClasses.CommonFunctions commonFunctions -> g
    android.widget.ImageView iv_logo_text -> k
    com.avadna.luneblaze.rest.ApiInterface apiService -> f
    com.google.android.material.tabs.TabLayout tl_pager_dots -> l
    android.os.Handler radioButtonHandler -> m
    com.avadna.luneblaze.helperClasses.PreferenceUtils preferenceUtils -> h
    int counter -> p
    java.lang.Runnable radioButtonRunnable -> n
    void goNext() -> a
    void openNotCompatibleDialog() -> b
    void checkVersionCompatibility() -> c
    void initViews() -> d
com.avadna.luneblaze.activities.AppInitialiserActivity$1 -> com.avadna.luneblaze.activities.a:
    com.avadna.luneblaze.activities.AppInitialiserActivity this$0 -> a
com.avadna.luneblaze.activities.AppInitialiserActivity$2 -> com.avadna.luneblaze.activities.b:
    com.avadna.luneblaze.activities.AppInitialiserActivity this$0 -> b
    int val$currentAppVersionCode -> a
    void onFailure(retrofit2.Call,java.lang.Throwable) -> a
    void onResponse(retrofit2.Call,retrofit2.Response) -> a
com.avadna.luneblaze.activities.AppInitialiserActivity$3 -> com.avadna.luneblaze.activities.c:
    com.avadna.luneblaze.activities.AppInitialiserActivity this$0 -> b
    android.app.Dialog val$confirmationDialog -> a
com.avadna.luneblaze.activities.AppInitialiserActivity$4 -> com.avadna.luneblaze.activities.d:
    com.avadna.luneblaze.activities.AppInitialiserActivity this$0 -> b
    android.app.Dialog val$confirmationDialog -> a
com.avadna.luneblaze.activities.AssignCoordinatorsActivity -> com.avadna.luneblaze.activities.AssignCoordinatorsActivity:
    java.util.List coordinatorList -> r
    android.widget.TextView tv_done -> n
    java.lang.String user_id -> i
    com.avadna.luneblaze.adapters.session.CoodinatorListAdapter coodinatorListAdapter -> q
    java.lang.String venue_id -> k
    androidx.recyclerview.widget.RecyclerView rv_added_userList -> s
    java.lang.String session_id -> j
    java.util.List addedUserList -> u
    com.avadna.luneblaze.helperClasses.CommonFunctions commonFunctions -> g
    androidx.recyclerview.widget.RecyclerView rv_my_friends_list -> o
    com.avadna.luneblaze.pojo.pojoVenueDetails.PojoGetVenueDetailsResponse pojoGetVenueDetailsResponse -> p
    androidx.appcompat.app.ActionBar actionBar -> e
    com.avadna.luneblaze.adapters.ConversationAddedUserListAdapter conversationAddedUserListAdapter -> t
    java.lang.String coor2 -> w
    android.widget.ProgressBar pb_api_status -> l
    java.lang.String coor1 -> v
    android.widget.RelativeLayout rl_parent_wrapper -> x
    com.avadna.luneblaze.helperClasses.PreferenceUtils preferenceUtils -> f
    android.view.View$OnClickListener onClickListener -> m
    com.avadna.luneblaze.rest.ApiInterface apiService -> h
    void access$000(com.avadna.luneblaze.activities.AssignCoordinatorsActivity,java.util.List) -> a
    void access$100(com.avadna.luneblaze.activities.AssignCoordinatorsActivity,java.lang.String) -> a
com.avadna.luneblaze.activities.AssignCoordinatorsActivity$1 -> com.avadna.luneblaze.activities.e:
    com.avadna.luneblaze.activities.AssignCoordinatorsActivity this$0 -> a
com.avadna.luneblaze.activities.AssignCoordinatorsActivity$2 -> com.avadna.luneblaze.activities.f:
    com.avadna.luneblaze.activities.AssignCoordinatorsActivity this$0 -> a
    void onFailure(retrofit2.Call,java.lang.Throwable) -> a
    void onResponse(retrofit2.Call,retrofit2.Response) -> a
...
androidx.emoji.widget.EmojiTextWatcher -> androidx.emoji.widget.f:
    int mMaxEmojiCount -> b
    android.widget.EditText mEditText -> a
    int mEmojiReplaceStrategy -> c
    void setEmojiReplaceStrategy(int) -> a
    void setMaxEmojiCount(int) -> b
androidx.emoji.widget.SpannableBuilder -> androidx.emoji.widget.g:
    java.util.List mWatchers -> b
    java.lang.Class mWatcherClass -> a
    void blockWatchers() -> a
    androidx.emoji.widget.SpannableBuilder create(java.lang.Class,java.lang.CharSequence) -> a
    androidx.emoji.widget.SpannableBuilder$WatcherWrapper getWatcherFor(java.lang.Object) -> a
    boolean isWatcher(java.lang.Class) -> a
    boolean isWatcher(java.lang.Object) -> b
    void unblockwatchers() -> b
androidx.emoji.widget.SpannableBuilder$WatcherWrapper -> androidx.emoji.widget.g$a:
    java.util.concurrent.atomic.AtomicInteger mBlockCalls -> b
    java.lang.Object mObject -> a
    void blockCalls() -> a
    boolean isEmojiSpan(java.lang.Object) -> a
    void unblockCalls() -> b
androidx.exifinterface.media.ExifInterface -> b.l.a.b:
    int mMimeType -> O
    androidx.exifinterface.media.ExifInterface$ExifTag[] IFD_EXIF_TAGS -> q
    java.util.regex.Pattern sNonZeroTimePattern -> J
    androidx.exifinterface.media.ExifInterface$ExifTag[][] EXIF_TAGS -> z
    androidx.exifinterface.media.ExifInterface$ExifTag[] PEF_TAGS -> y
    java.util.HashMap[] sExifTagMapsForWriting -> E
    int mRw2JpgFromRawOffset -> ba
    androidx.exifinterface.media.ExifInterface$ExifTag JPEG_INTERCHANGE_FORMAT_TAG -> B
    int mExifOffset -> X
    byte[] HEIF_BRAND_MIF1 -> h
    int[] IFD_FORMAT_BYTES_PER_FORMAT -> n
    int mThumbnailOffset -> T
    java.nio.ByteOrder mExifByteOrder -> R
    androidx.exifinterface.media.ExifInterface$ExifTag[] IFD_GPS_TAGS -> r
    java.util.HashMap sExifPointerTagMap -> G
    java.lang.String mFilename -> L
    java.io.FileDescriptor mSeekableFileDescriptor -> M
    androidx.exifinterface.media.ExifInterface$ExifTag[] ORF_MAKER_NOTE_TAGS -> v
    java.nio.charset.Charset ASCII -> H
    java.util.regex.Pattern sGpsTimestampPattern -> K
    java.lang.String[] IFD_FORMAT_NAMES -> m
    java.util.HashMap[] sExifTagMapsForReading -> D
    int[] BITS_PER_SAMPLE_GREYSCALE_2 -> e
    androidx.exifinterface.media.ExifInterface$ExifTag[] EXIF_POINTER_TAGS -> A
    int mOrfMakerNoteOffset -> Y
    java.util.HashMap[] mAttributes -> P
    byte[] HEIF_BRAND_HEIC -> i
    android.content.res.AssetManager$AssetInputStream mAssetInputStream -> N
androidx.exifinterface.media.ExifInterface$1 -> b.l.a.a:
    androidx.exifinterface.media.ExifInterface this$0 -> c
    long mPosition -> a
    androidx.exifinterface.media.ExifInterface$ByteOrderedDataInputStream val$in -> b
androidx.exifinterface.media.ExifInterface$ByteOrderedDataInputStream -> b.l.a.b$a:
    java.io.DataInputStream mDataInputStream -> c
    int mPosition -> f
    int mLength -> e
    java.nio.ByteOrder mByteOrder -> d
    java.nio.ByteOrder LITTLE_ENDIAN -> a
    java.nio.ByteOrder BIG_ENDIAN -> b
    int getLength() -> a
    void setByteOrder(java.nio.ByteOrder) -> a
    int peek() -> b
    long readUnsignedInt() -> c
    void seek(long) -> h